Sun Jul  3 15:18:01 2022
	Info: add client liang1
Sun Jul  3 15:18:41 2022
	Info: add client liang2
Mon Jul  4 19:02:30 2022
	Info: add client liang3
Mon Jul  4 19:02:59 2022
	Info: add client liang1
Mon Jul  4 19:03:22 2022
	Warning: client liang3 closed
Mon Jul  4 19:03:27 2022
	Warning: client liang1 closed
Mon Jul  4 20:36:10 2022
	Info: add client liang1
Mon Jul  4 20:36:25 2022
	Warning: client liang1 closed
Mon Jul  4 22:03:23 2022
	Info: add client liang1
Mon Jul  4 22:03:29 2022
	Warning: client liang1 closed
Mon Jul  4 22:03:56 2022
	Info: add client liang1
Mon Jul  4 22:04:09 2022
	Info: add client liang2
Mon Jul  4 22:04:37 2022
	Warning: client liang1 closed
Mon Jul  4 22:04:37 2022
	Warning: client liang2 closed
Mon Jul  4 22:20:25 2022
	Info: add client liang1
Mon Jul  4 22:20:30 2022
	Info: add client liang2
Tue Jul  5 11:08:22 2022
	Info: add client liang1
Tue Jul  5 11:08:41 2022
	Info: add client liang2
Tue Jul  5 11:08:53 2022
	Warning: client liang1 closed
Tue Jul  5 11:09:39 2022
	Info: add client liang1
Tue Jul  5 11:09:54 2022
	Info: add client liang2
Tue Jul  5 11:10:12 2022
	Warning: client liang2 closed
Tue Jul  5 11:10:17 2022
	Warning: client liang1 closed
Tue Jul  5 22:12:21 2022
	Info: add client liang1
Tue Jul  5 22:12:32 2022
	Info: add client liang2
Tue Jul  5 22:13:27 2022
	Warning: client liang1 closed
Tue Jul  5 22:13:27 2022
	Warning: client liang2 closed
Tue Jul  5 22:30:22 2022
	Info: add client liang1
Tue Jul  5 22:30:30 2022
	Info: add client liang2
Tue Jul  5 22:30:58 2022
	Warning: client liang2 closed
Tue Jul  5 22:31:03 2022
	Warning: client liang1 closed
Wed Jul  6 10:12:45 2022
	Info: add client liang1
Wed Jul  6 10:12:54 2022
	Info: add client liang2
Wed Jul  6 10:13:02 2022
	Info: add client liang3
Sat Jul  9 13:48:54 2022
	Info: add client liang1
Sat Jul  9 13:48:57 2022
	Warning: client liang1 closed
Sat Jul  9 16:44:02 2022
	Info: add client liang1
Sat Jul  9 16:44:42 2022
	Warning: client liang1 closed
Sat Jul  9 17:47:37 2022
	Info: add client liang1
Sat Jul  9 17:49:40 2022
	Info: add client liang1
Sat Jul  9 17:50:03 2022
	Info: add client liang2
Sat Jul  9 17:53:00 2022
	Info: add client liang1
Sat Jul  9 17:53:29 2022
	Warning: client liang1 closed
Sat Jul  9 17:55:05 2022
	Info: add client liang1
Sat Jul  9 17:55:16 2022
	Info: add client liang2
Sat Jul  9 17:55:52 2022
	Info: add client liang3
Sat Jul  9 17:55:57 2022
	Warning: client liang3 closed
Sat Jul  9 17:56:02 2022
	Warning: client liang2 closed
Sat Jul  9 17:56:07 2022
	Warning: client liang1 closed
Sat Jul  9 18:04:04 2022
	Info: add client liang1
Sat Jul  9 18:04:13 2022
	Info: add client liang2
Sat Jul  9 18:04:43 2022
	Warning: client liang1 closed
Sat Jul  9 18:04:43 2022
	Warning: client liang2 closed
Sun Jul 10 22:46:47 2022
	Info: add client liang1
Sun Jul 10 22:47:04 2022
	Warning: client liang1 closed
Sun Jul 10 22:53:49 2022
	Info: add client liang1
Sun Jul 10 22:53:56 2022
	Info: add client liang2
Sun Jul 10 22:54:03 2022
	Info: add client liang3
Sun Jul 10 22:55:20 2022
	Warning: client liang1 closed
Sun Jul 10 22:55:20 2022
	Warning: client liang2 closed
Sun Jul 10 22:55:26 2022
	Warning: client liang2 closed
Sun Jul 10 22:55:56 2022
	Info: add client liang1
Sun Jul 10 22:56:03 2022
	Info: add client liang2
Sun Jul 10 22:57:19 2022
	Warning: client liang1 closed
Sun Jul 10 22:57:34 2022
	Warning: client liang2 closed
Mon Jul 11 20:45:52 2022
	Info: add client liang1
Mon Jul 11 21:28:47 2022
	Info: add client liang1
Mon Jul 11 21:28:59 2022
	Info: add client liang2
Mon Jul 11 21:29:11 2022
	Warning: client liang1 closed
Mon Jul 11 21:29:11 2022
	Warning: client liang2 closed
Mon Jul 11 21:47:15 2022
	Info: add client liang1
Mon Jul 11 21:47:19 2022
	Warning: client liang1 closed
